-------------------------------------------------------------------------------
Test set: com.hrms.runners.TestRunner
-------------------------------------------------------------------------------
Tests run: 1, Failures: 1, Errors: 0, Skipped: 0, Time elapsed: 9.853 s <<< FAILURE! - in com.hrms.runners.TestRunner
Job Titles Validation against DB.Job Titles Validation against DB  Time elapsed: 9.555 s  <<< FAILURE!
java.lang.AssertionError: expected:<[{job_title=Accountant}, {job_title=API Tester}, {job_title=Application Developer}, {job_title=Automation Engineer}, {job_title=CEO}, {job_title=Chief Financial Officer}, {job_title=Cloud Architect}, {job_title=Cloud Consultant}, {job_title=Cloud Product and Project Manager}, {job_title=Controller}, {job_title=CTO}, {job_title=Data Quality Manager}, {job_title=Database Administrator}, {job_title=Developer}, {job_title=Freelancer}, {job_title=Graphic Designer}, {job_title=Instructor}, {job_title=IT Analyst}, {job_title=IT Support Manager}, {job_title=Jr Production Manager}, {job_title=Jr Sales Manager}, {job_title=Network Administrator}, {job_title=Production Manager}, {job_title=QA Tester}, {job_title=Sales&Marketing Manager}, {job_title=Sales&Marketing Manager}, {job_title=Sr Production Manager}]> but was:<[{job_title=Accountant}, {job_title=API Tester}, {job_title=Application Developer}, {job_title=Automation Engineer}, {job_title=CEO}, {job_title=Chief Financial Officer}, {job_title=Cloud Architect}, {job_title=Cloud Consultant}, {job_title=Cloud Product and Project Manager}, {job_title=Controller}, {job_title=CTO}, {job_title=Data Quality Manager}, {job_title=Database Administrator}, {job_title=Developer}, {job_title=Graphic Designer}, {job_title=Instructor}, {job_title=IT Analyst}, {job_title=IT Support Manager}, {job_title=Jr Production Manager}, {job_title=Jr Sales Manager}, {job_title=Network Administrator}, {job_title=Production Manager}, {job_title=QA Tester}, {job_title=Sr Production Manager}]>

