<?xml version="1.0" encoding="UTF-8"?>
<testsuite xmlns:xsi="http://www.w3.org/2001/XMLSchema-instance" xsi:noNamespaceSchemaLocation="https://maven.apache.org/surefire/maven-surefire-plugin/xsd/surefire-test-report-3.0.xsd" version="3.0" name="com.hrms.runners.TestRunner" time="9.853" tests="1" errors="0" skipped="0" failures="1">
  <properties>
[...]
</properties>
  <testcase name="Job Titles Validation against DB" classname="Job Titles Validation against DB" time="9.555">
    <failure message="expected:&lt;[{job_title=Accountant}, {job_title=API Tester}, {job_title=Application Developer}, {job_title=Automation Engineer}, {job_title=CEO}, {job_title=Chief Financial Officer}, {job_title=Cloud Architect}, {job_title=Cloud Consultant}, {job_title=Cloud Product and Project Manager}, {job_title=Controller}, {job_title=CTO}, {job_title=Data Quality Manager}, {job_title=Database Administrator}, {job_title=Developer}, {job_title=Freelancer}, {job_title=Graphic Designer}, {job_title=Instructor}, {job_title=IT Analyst}, {job_title=IT Support Manager}, {job_title=Jr Production Manager}, {job_title=Jr Sales Manager}, {job_title=Network Administrator}, {job_title=Production Manager}, {job_title=QA Tester}, {job_title=Sales&amp;Marketing Manager}, {job_title=Sales&amp;Marketing Manager}, {job_title=Sr Production Manager}]&gt; but was:&lt;[{job_title=Accountant}, {job_title=API Tester}, {job_title=Application Developer}, {job_title=Automation Engineer}, {job_title=CEO}, {job_title=Chief Financial Officer}, {job_title=Cloud Architect}, {job_title=Cloud Consultant}, {job_title=Cloud Product and Project Manager}, {job_title=Controller}, {job_title=CTO}, {job_title=Data Quality Manager}, {job_title=Database Administrator}, {job_title=Developer}, {job_title=Graphic Designer}, {job_title=Instructor}, {job_title=IT Analyst}, {job_title=IT Support Manager}, {job_title=Jr Production Manager}, {job_title=Jr Sales Manager}, {job_title=Network Administrator}, {job_title=Production Manager}, {job_title=QA Tester}, {job_title=Sr Production Manager}]&gt;" type="java.lang.AssertionError"><![CDATA[java.lang.AssertionError: expected:<[{job_title=Accountant}, {job_title=API Tester}, {job_title=Application Developer}, {job_title=Automation Engineer}, {job_title=CEO}, {job_title=Chief Financial Officer}, {job_title=Cloud Architect}, {job_title=Cloud Consultant}, {job_title=Cloud Product and Project Manager}, {job_title=Controller}, {job_title=CTO}, {job_title=Data Quality Manager}, {job_title=Database Administrator}, {job_title=Developer}, {job_title=Freelancer}, {job_title=Graphic Designer}, {job_title=Instructor}, {job_title=IT Analyst}, {job_title=IT Support Manager}, {job_title=Jr Production Manager}, {job_title=Jr Sales Manager}, {job_title=Network Administrator}, {job_title=Production Manager}, {job_title=QA Tester}, {job_title=Sales&Marketing Manager}, {job_title=Sales&Marketing Manager}, {job_title=Sr Production Manager}]> but was:<[{job_title=Accountant}, {job_title=API Tester}, {job_title=Application Developer}, {job_title=Automation Engineer}, {job_title=CEO}, {job_title=Chief Financial Officer}, {job_title=Cloud Architect}, {job_title=Cloud Consultant}, {job_title=Cloud Product and Project Manager}, {job_title=Controller}, {job_title=CTO}, {job_title=Data Quality Manager}, {job_title=Database Administrator}, {job_title=Developer}, {job_title=Graphic Designer}, {job_title=Instructor}, {job_title=IT Analyst}, {job_title=IT Support Manager}, {job_title=Jr Production Manager}, {job_title=Jr Sales Manager}, {job_title=Network Administrator}, {job_title=Production Manager}, {job_title=QA Tester}, {job_title=Sr Production Manager}]>
]]></failure>
    <system-out><![CDATA[
@JobTitleValidation
Scenario: Job Titles Validation against DB    # src/test/resources/features/JobTitleValidation.feature:6
  Given login with valid credentials          # com.hrms.stepDefinitions.LoginStepDefinitions.login_with_valid_credentials()
  And verify the dashboard logo is displayed  # com.hrms.stepDefinitions.LoginStepDefinitions.verify_the_dashboard_logo_is_displayed()
  When navigate to job titles                 # com.hrms.stepDefinitions.JobTitleStepDefinitions.navigate_to_job_titles()
  And verify the table is displayed           # com.hrms.stepDefinitions.EmployeeSearchStepDefinitions.verify_the_table_is_displayed()
[{job_title=Accountant}, {job_title=API Tester}, {job_title=Application Developer}, {job_title=Automation Engineer}, {job_title=CEO}, {job_title=Chief Financial Officer}, {job_title=Cloud Architect}, {job_title=Cloud Consultant}, {job_title=Cloud Product and Project Manager}, {job_title=Controller}, {job_title=CTO}, {job_title=Data Quality Manager}, {job_title=Database Administrator}, {job_title=Developer}, {job_title=Graphic Designer}, {job_title=Instructor}, {job_title=IT Analyst}, {job_title=IT Support Manager}, {job_title=Jr Production Manager}, {job_title=Jr Sales Manager}, {job_title=Network Administrator}, {job_title=Production Manager}, {job_title=QA Tester}, {job_title=Sr Production Manager}]
  When get all job titles from the table      # com.hrms.stepDefinitions.JobTitleStepDefinitions.get_all_job_titles_from_the_table()
  Then get all job titles from the db         # com.hrms.stepDefinitions.DBStepDefinitions.get_all_job_titles_from_the_db()
DB job title size= 27
UI job title size= 24
  Then validate Job Titles from ui against db # com.hrms.stepDefinitions.JobTitleStepDefinitions.validate_Job_Titles_from_ui_against_db()
      java.lang.AssertionError: expected:<[{job_title=Accountant}, {job_title=API Tester}, {job_title=Application Developer}, {job_title=Automation Engineer}, {job_title=CEO}, {job_title=Chief Financial Officer}, {job_title=Cloud Architect}, {job_title=Cloud Consultant}, {job_title=Cloud Product and Project Manager}, {job_title=Controller}, {job_title=CTO}, {job_title=Data Quality Manager}, {job_title=Database Administrator}, {job_title=Developer}, {job_title=Freelancer}, {job_title=Graphic Designer}, {job_title=Instructor}, {job_title=IT Analyst}, {job_title=IT Support Manager}, {job_title=Jr Production Manager}, {job_title=Jr Sales Manager}, {job_title=Network Administrator}, {job_title=Production Manager}, {job_title=QA Tester}, {job_title=Sales&Marketing Manager}, {job_title=Sales&Marketing Manager}, {job_title=Sr Production Manager}]> but was:<[{job_title=Accountant}, {job_title=API Tester}, {job_title=Application Developer}, {job_title=Automation Engineer}, {job_title=CEO}, {job_title=Chief Financial Officer}, {job_title=Cloud Architect}, {job_title=Cloud Consultant}, {job_title=Cloud Product and Project Manager}, {job_title=Controller}, {job_title=CTO}, {job_title=Data Quality Manager}, {job_title=Database Administrator}, {job_title=Developer}, {job_title=Graphic Designer}, {job_title=Instructor}, {job_title=IT Analyst}, {job_title=IT Support Manager}, {job_title=Jr Production Manager}, {job_title=Jr Sales Manager}, {job_title=Network Administrator}, {job_title=Production Manager}, {job_title=QA Tester}, {job_title=Sr Production Manager}]>
	at org.junit.Assert.fail(Assert.java:89)
	at org.junit.Assert.failNotEquals(Assert.java:835)
	at org.junit.Assert.assertEquals(Assert.java:120)
	at org.junit.Assert.assertEquals(Assert.java:146)
	at com.hrms.stepDefinitions.JobTitleStepDefinitions.validate_Job_Titles_from_ui_against_db(JobTitleStepDefinitions.java:27)
	at ✽.validate Job Titles from ui against db(file:///Users/gozde.ercevik/eclipse-workspace-newoxygen/CucumberFramewok/src/test/resources/features/JobTitleValidation.feature:13)


    Embedding Job Titles Validation against DB [image/png 295569 bytes]

]]></system-out>
    <system-err><![CDATA[Oct 31, 2020 10:48:41 AM io.cucumber.junit.Cucumber <init>
WARNING: By default Cucumber is running in --non-strict mode.
This default will change to --strict and --non-strict will be removed.
You can use --strict or @CucumberOptions(strict = true) to suppress this warning
SLF4J: Failed to load class "org.slf4j.impl.StaticLoggerBinder".
SLF4J: Defaulting to no-operation (NOP) logger implementation
SLF4J: See http://www.slf4j.org/codes.html#StaticLoggerBinder for further details.
Starting ChromeDriver 86.0.4240.22 (398b0743353ff36fb1b82468f63a3a93b4e2e89e-refs/branch-heads/4240@{#378}) on port 14643
Only local connections are allowed.
Please see https://chromedriver.chromium.org/security-considerations for suggestions on keeping ChromeDriver safe.
ChromeDriver was started successfully.
Oct 31, 2020 10:48:43 AM org.openqa.selenium.remote.ProtocolHandshake createSession
INFO: Detected dialect: W3C
]]></system-err>
  </testcase>
</testsuite>